<?xml version="1.0" encoding="UTF-8"?>
<!-- Generated by org.testng.reporters.JUnitReportReporter -->
<testsuite skipped="0" hostname="jatin-X541UJ" name="Table_project.Table_Boldr" tests="1" failures="0" timestamp="06 Mar 2018 18:02:21 GMT" time="32.346" errors="0">
  <testcase name="Table_boldr" time="32.346" classname="Table_project.Table_Boldr"/>
</testsuite> <!-- Table_project.Table_Boldr -->
