<?xml version="1.0" encoding="UTF-8"?>
<!-- Generated by org.testng.reporters.JUnitReportReporter -->
<testsuite skipped="0" hostname="jatin-X541UJ" name="Testing_Sites.Test_site1" tests="1" failures="0" timestamp="04 Mar 2018 19:29:45 GMT" time="33.432" errors="0">
  <testcase name="test_site" time="33.432" classname="Testing_Sites.Test_site1"/>
</testsuite> <!-- Testing_Sites.Test_site1 -->
