<?xml version="1.0" encoding="UTF-8"?>
<!-- Generated by org.testng.reporters.JUnitReportReporter -->
<testsuite skipped="0" hostname="jatin-X541UJ" name="Test_demo_Site" tests="1" failures="0" timestamp="04 Mar 2018 16:22:27 GMT" time="24.973" errors="0">
  <testcase name="testing_Sits" time="24.973" classname="Test_demo_Site"/>
</testsuite> <!-- Test_demo_Site -->
